<?xml version="1.0" encoding="UTF-8"?>
<Site BuildName="Win32-MSBuild"
	BuildStamp="20240312-1203-Experimental"
	Name="DESKTOP-DOI43LP"
	Generator="ctest-3.28.0-msvc1"
	CompilerName="C:/Program Files (x86)/Microsoft Visual Studio/2022/BuildTools/VC/Tools/MSVC/14.37.32822/bin/Hostx86/x86/cl.exe"
	CompilerVersion="19.37.32824.0"
	OSName="Windows"
	Hostname="DESKTOP-DOI43LP"
	OSRelease=" Personal"
	OSVersion=" (Build 22631)"
	OSPlatform="AMD64"
	Is64Bits="1"
	VendorString="GenuineIntel"
	VendorID="Intel Corporation"
	FamilyID="6"
	ModelID="10"
	ProcessorCacheSize="-1"
	NumberOfLogicalCPU="20"
	NumberOfPhysicalCPU="14"
	TotalVirtualMemory="46640"
	TotalPhysicalMemory="40752"
	LogicalProcessorsPerPhysical="1"
	ProcessorClockFrequency="2688"
	>
	<Testing>
		<StartDateTime>Mar 12 20:03 [NON-UTF-8-BYTE-0xA5]x[NON-UTF-8-BYTE-0xA5]_[NON-UTF-8-BYTE-0xBC]зǮɶ[NON-UTF-8-BYTE-0xA1]</StartDateTime>
		<StartTestTime>1710245028</StartTestTime>
		<TestList/>
		<EndDateTime>Mar 12 20:03 [NON-UTF-8-BYTE-0xA5]x[NON-UTF-8-BYTE-0xA5]_[NON-UTF-8-BYTE-0xBC]зǮɶ[NON-UTF-8-BYTE-0xA1]</EndDateTime>
		<EndTestTime>1710245028</EndTestTime>
		<ElapsedMinutes>0</ElapsedMinutes>
	</Testing>
</Site>
